INFO:root:Loading data...
INFO:root:Loading data...
INFO:root:Data loaded successfully.
INFO:matplotlib.category:Using categorical units to plot a list of strings that are all parsable as floats or dates. If these strings should be plotted as numbers, cast to the appropriate data type before plotting.
INFO:matplotlib.category:Using categorical units to plot a list of strings that are all parsable as floats or dates. If these strings should be plotted as numbers, cast to the appropriate data type before plotting.
INFO:root:Checking distribution of promotions...
INFO:root:Missing data in training set: Store            0
DayOfWeek        0
Date             0
Sales            0
Customers        0
Open             0
Promo            0
StateHoliday     0
SchoolHoliday    0
dtype: int64
INFO:root:Missing data in store set: Store                          0
StoreType                      0
Assortment                     0
CompetitionDistance            3
CompetitionOpenSinceMonth    354
CompetitionOpenSinceYear     354
Promo2                         0
Promo2SinceWeek              544
Promo2SinceYear              544
PromoInterval                544
dtype: int64
INFO:root:Completed outlier detection for sales and customer data.
INFO:root:Correlation analysis between Sales and Customers completed.
INFO:root:Loading data...
INFO:root:Data loaded successfully.
INFO:matplotlib.category:Using categorical units to plot a list of strings that are all parsable as floats or dates. If these strings should be plotted as numbers, cast to the appropriate data type before plotting.
INFO:matplotlib.category:Using categorical units to plot a list of strings that are all parsable as floats or dates. If these strings should be plotted as numbers, cast to the appropriate data type before plotting.
INFO:matplotlib.category:Using categorical units to plot a list of strings that are all parsable as floats or dates. If these strings should be plotted as numbers, cast to the appropriate data type before plotting.
INFO:matplotlib.category:Using categorical units to plot a list of strings that are all parsable as floats or dates. If these strings should be plotted as numbers, cast to the appropriate data type before plotting.
INFO:matplotlib.category:Using categorical units to plot a list of strings that are all parsable as floats or dates. If these strings should be plotted as numbers, cast to the appropriate data type before plotting.
INFO:matplotlib.category:Using categorical units to plot a list of strings that are all parsable as floats or dates. If these strings should be plotted as numbers, cast to the appropriate data type before plotting.
INFO:root:Checking distribution of promotions...
INFO:root:Missing data in training set: Store            0
DayOfWeek        0
Date             0
Sales            0
Customers        0
Open             0
Promo            0
StateHoliday     0
SchoolHoliday    0
dtype: int64
INFO:root:Missing data in store set: Store                          0
StoreType                      0
Assortment                     0
CompetitionDistance            3
CompetitionOpenSinceMonth    354
CompetitionOpenSinceYear     354
Promo2                         0
Promo2SinceWeek              544
Promo2SinceYear              544
PromoInterval                544
dtype: int64
INFO:root:Completed outlier detection for sales and customer data.
INFO:root:Correlation analysis between Sales and Customers completed.
